<?xml version="1.0" encoding="UTF-8"?>
<!-- Generated by org.testng.reporters.JUnitReportReporter -->
<testsuite hostname="LAPTOP-K9JRQLT4" failures="0" tests="1" name="com.purna.runner.RunPurnaTest" time="20.996" errors="0" timestamp="2023-11-10T09:30:03 IST" skipped="0">
  <testcase classname="com.purna.runner.RunPurnaTest" name="runScenario" time="20.996"/>
  <system-out/>
</testsuite> <!-- com.purna.runner.RunPurnaTest -->
